<?xml version="1.0" encoding="UTF-8"?>
<!-- Generated by org.testng.reporters.JUnitReportReporter -->
<testsuite hostname="DESKTOP-BSLRFLR" failures="0" tests="1" name="Runner.testngrunner" time="0.098" errors="0" timestamp="2019-10-25T01:32:59 IST" skipped="0">
  <testcase classname="Runner.testngrunner" name="feature" time="0.098"/>
</testsuite> <!-- Runner.testngrunner -->
